<?xml version="1.0" encoding="UTF-8"?>
<!-- Generated by org.testng.reporters.JUnitXMLReporter -->
<testsuite ignored="1" hostname="DESKTOP-6RCPDA2" failures="0" tests="1" name="Default test" time="38.691" errors="0" timestamp="2020-06-10T16:55:46 IST">
  <testcase classname="com.hospitality.testcases.LoginTest" name="loginToClearTrip" time="3.514"/>
  <testcase classname="com.hospitality.testcases.LoginTest" name="loginApp1" time="0.0">
    <ignored/>
  </testcase> <!-- loginApp1 -->
</testsuite> <!-- Default test -->
