<?xml version="1.0" encoding="UTF-8"?>
<testng-results ignored="1" total="2" passed="1" failed="0" skipped="0">
  <reporter-output>
    <line>
      <![CDATA[Setting is going to be done]]>
    </line>
    <line>
      <![CDATA[Setting is done-test can be started]]>
    </line>
    <line>
      <![CDATA[Browser can be started]]>
    </line>
    <line>
      <![CDATA[Browser launched]]>
    </line>
    <line>
      <![CDATA[login is successful]]>
    </line>
    <line>
      <![CDATA[Test is about to end]]>
    </line>
    <line>
      <![CDATA[report is generated ]]>
    </line>
  </reporter-output>
  <suite started-at="2020-06-10T16:55:07 IST" name="Default suite" finished-at="2020-06-10T16:55:45 IST" duration-ms="38691">
    <groups>
    </groups>
    <test started-at="2020-06-10T16:55:07 IST" name="Default test" finished-at="2020-06-10T16:55:45 IST" duration-ms="38691">
      <class name="com.hospitality.testcases.LoginTest">
        <test-method is-config="true" signature="setUpSuite()[pri:0, instance:com.hospitality.testcases.LoginTest@5dd6264]" started-at="2020-06-10T16:55:07 IST" name="setUpSuite" finished-at="2020-06-10T16:55:07 IST" duration-ms="272" status="PASS">
          <reporter-output>
            <line>
              <![CDATA[Setting is going to be done]]>
            </line>
            <line>
              <![CDATA[Setting is done-test can be started]]>
            </line>
          </reporter-output>
        </test-method> <!-- setUpSuite -->
        <test-method is-config="true" signature="setUp()[pri:0, instance:com.hospitality.testcases.LoginTest@5dd6264]" started-at="2020-06-10T16:55:07 IST" name="setUp" finished-at="2020-06-10T16:55:28 IST" duration-ms="21045" status="PASS">
          <reporter-output>
            <line>
              <![CDATA[Browser can be started]]>
            </line>
            <line>
              <![CDATA[Browser launched]]>
            </line>
          </reporter-output>
        </test-method> <!-- setUp -->
        <test-method signature="loginToClearTrip()[pri:1, instance:com.hospitality.testcases.LoginTest@5dd6264]" started-at="2020-06-10T16:55:28 IST" name="loginToClearTrip" finished-at="2020-06-10T16:55:31 IST" duration-ms="3514" status="PASS">
          <reporter-output>
            <line>
              <![CDATA[login is successful]]>
            </line>
          </reporter-output>
        </test-method> <!-- loginToClearTrip -->
        <test-method is-config="true" signature="failResults(org.testng.ITestResult)[pri:0, instance:com.hospitality.testcases.LoginTest@5dd6264]" started-at="2020-06-10T16:55:31 IST" name="failResults" finished-at="2020-06-10T16:55:34 IST" duration-ms="2104" status="PASS">
          <params>
            <param index="0">
              <value>
                <![CDATA[[TestResult name=loginToClearTrip status=SUCCESS method=LoginTest.loginToClearTrip()[pri:1, instance:com.hospitality.testcases.LoginTest@5dd6264] output=login is successful]]]>
              </value>
            </param>
          </params>
          <reporter-output>
            <line>
              <![CDATA[Test is about to end]]>
            </line>
            <line>
              <![CDATA[report is generated ]]>
            </line>
          </reporter-output>
        </test-method> <!-- failResults -->
        <test-method is-config="true" signature="tearDown()[pri:0, instance:com.hospitality.testcases.LoginTest@5dd6264]" started-at="2020-06-10T16:55:34 IST" name="tearDown" finished-at="2020-06-10T16:55:45 IST" duration-ms="11907" status="PASS">
          <reporter-output>
          </reporter-output>
        </test-method> <!-- tearDown -->
      </class> <!-- com.hospitality.testcases.LoginTest -->
    </test> <!-- Default test -->
  </suite> <!-- Default suite -->
</testng-results>
