<?xml version="1.0" encoding="UTF-8"?>
<testng-results ignored="0" total="2" passed="2" failed="0" skipped="0">
  <reporter-output>
    <line>
      <![CDATA[Setting is going to be done]]>
    </line>
    <line>
      <![CDATA[Setting is done-test can be started]]>
    </line>
    <line>
      <![CDATA[Browser can be started]]>
    </line>
    <line>
      <![CDATA[Browser launched]]>
    </line>
    <line>
      <![CDATA[login is successful]]>
    </line>
    <line>
      <![CDATA[Test is about to end]]>
    </line>
    <line>
      <![CDATA[report is generated ]]>
    </line>
    <line>
      <![CDATA[Test is about to end]]>
    </line>
    <line>
      <![CDATA[report is generated ]]>
    </line>
  </reporter-output>
  <suite started-at="2020-05-26T10:31:06 IST" name="Default suite" finished-at="2020-05-26T10:31:51 IST" duration-ms="44764">
    <groups>
    </groups>
    <test started-at="2020-05-26T10:31:06 IST" name="Default test" finished-at="2020-05-26T10:31:51 IST" duration-ms="44764">
      <class name="com.hospitality.testcases.LoginTest">
        <test-method is-config="true" signature="setUpSuite()[pri:0, instance:com.hospitality.testcases.LoginTest@6193932a]" started-at="2020-05-26T10:31:06 IST" name="setUpSuite" finished-at="2020-05-26T10:31:06 IST" duration-ms="235" status="PASS">
          <reporter-output>
            <line>
              <![CDATA[Setting is going to be done]]>
            </line>
            <line>
              <![CDATA[Setting is done-test can be started]]>
            </line>
          </reporter-output>
        </test-method> <!-- setUpSuite -->
        <test-method is-config="true" signature="setUp()[pri:0, instance:com.hospitality.testcases.LoginTest@6193932a]" started-at="2020-05-26T10:31:06 IST" name="setUp" finished-at="2020-05-26T10:31:32 IST" duration-ms="26536" status="PASS">
          <reporter-output>
            <line>
              <![CDATA[Browser can be started]]>
            </line>
            <line>
              <![CDATA[Browser launched]]>
            </line>
          </reporter-output>
        </test-method> <!-- setUp -->
        <test-method signature="loginToClearTrip()[pri:1, instance:com.hospitality.testcases.LoginTest@6193932a]" started-at="2020-05-26T10:31:32 IST" name="loginToClearTrip" finished-at="2020-05-26T10:31:36 IST" duration-ms="3472" status="PASS">
          <reporter-output>
            <line>
              <![CDATA[login is successful]]>
            </line>
          </reporter-output>
        </test-method> <!-- loginToClearTrip -->
        <test-method is-config="true" signature="failResults(org.testng.ITestResult)[pri:0, instance:com.hospitality.testcases.LoginTest@6193932a]" started-at="2020-05-26T10:31:36 IST" name="failResults" finished-at="2020-05-26T10:31:40 IST" duration-ms="4047" status="PASS">
          <params>
            <param index="0">
              <value>
                <![CDATA[[TestResult name=loginToClearTrip status=SUCCESS method=LoginTest.loginToClearTrip()[pri:1, instance:com.hospitality.testcases.LoginTest@6193932a] output=login is successful]]]>
              </value>
            </param>
          </params>
          <reporter-output>
            <line>
              <![CDATA[Test is about to end]]>
            </line>
            <line>
              <![CDATA[report is generated ]]>
            </line>
          </reporter-output>
        </test-method> <!-- failResults -->
        <test-method signature="loginApp1()[pri:2, instance:com.hospitality.testcases.LoginTest@6193932a]" started-at="2020-05-26T10:31:40 IST" name="loginApp1" finished-at="2020-05-26T10:31:40 IST" duration-ms="4" status="PASS">
          <reporter-output>
          </reporter-output>
        </test-method> <!-- loginApp1 -->
        <test-method is-config="true" signature="failResults(org.testng.ITestResult)[pri:0, instance:com.hospitality.testcases.LoginTest@6193932a]" started-at="2020-05-26T10:31:40 IST" name="failResults" finished-at="2020-05-26T10:31:40 IST" duration-ms="408" status="PASS">
          <params>
            <param index="0">
              <value>
                <![CDATA[[TestResult name=loginApp1 status=SUCCESS method=LoginTest.loginApp1()[pri:2, instance:com.hospitality.testcases.LoginTest@6193932a] output={null}]]]>
              </value>
            </param>
          </params>
          <reporter-output>
            <line>
              <![CDATA[Test is about to end]]>
            </line>
            <line>
              <![CDATA[report is generated ]]>
            </line>
          </reporter-output>
        </test-method> <!-- failResults -->
        <test-method is-config="true" signature="tearDown()[pri:0, instance:com.hospitality.testcases.LoginTest@6193932a]" started-at="2020-05-26T10:31:40 IST" name="tearDown" finished-at="2020-05-26T10:31:51 IST" duration-ms="10198" status="PASS">
          <reporter-output>
          </reporter-output>
        </test-method> <!-- tearDown -->
      </class> <!-- com.hospitality.testcases.LoginTest -->
    </test> <!-- Default test -->
  </suite> <!-- Default suite -->
</testng-results>
