<?xml version="1.0" encoding="UTF-8"?>
<!-- Generated by org.testng.reporters.JUnitXMLReporter -->
<testsuite ignored="0" hostname="DESKTOP-6RCPDA2" failures="0" tests="2" name="Test" time="25.861" errors="0" timestamp="2020-05-24T16:19:51 IST">
  <testcase classname="com.hospitality.Base.TestBase" name="@AfterMethod failResults" time="0.774">
    <failure type="java.io.IOException" message="Media was not found at [C:\Users\Hp\eclipse-workspace\HospitalityProjectScreenshots/ClearTrip_05_24_2020_04_19_51.png]">
      <![CDATA[java.io.IOException: Media was not found at [C:\Users\Hp\eclipse-workspace\HospitalityProjectScreenshots/ClearTrip_05_24_2020_04_19_51.png]
at com.aventstack.extentreports.reporter.BasicFileReporter.mediaExists(BasicFileReporter.java:248)
at com.aventstack.extentreports.reporter.BasicFileReporter.onScreenCaptureAdded(BasicFileReporter.java:236)
at com.aventstack.extentreports.ExtentObservable.addScreenCapture(ExtentObservable.java:360)
at com.aventstack.extentreports.ExtentTest.addScreenCaptureFromPath(ExtentTest.java:1125)
at com.aventstack.extentreports.ExtentTest.addScreenCaptureFromPath(ExtentTest.java:1141)
at com.hospitality.Base.TestBase.failResults(TestBase.java:65)
at java.base/java.util.ArrayList.forEach(ArrayList.java:1507)
... Removed 32 stack frames]]>
    </failure>
  </testcase> <!-- @AfterMethod failResults -->
  <testcase classname="com.hospitality.Base.TestBase" name="@AfterMethod failResults" time="-1.59031739112E9">
    <skipped/>
  </testcase> <!-- @AfterMethod failResults -->
  <testcase classname="com.hospitality.Base.TestBase" name="@AfterClass tearDown" time="-1.590317391123E9">
    <skipped/>
  </testcase> <!-- @AfterClass tearDown -->
  <testcase classname="com.hospitality.testcases.LoginTest" name="loginToClearTrip" time="3.73"/>
  <testcase classname="com.hospitality.testcases.LoginTest" name="loginApp1" time="0.0">
    <skipped/>
  </testcase> <!-- loginApp1 -->
</testsuite> <!-- Test -->
